1595520325358:help
1595520385164:joke
1595520575274:exit
1595520648175:joke
1595527563541:help
1595527567540:joke
1595527571544:save
1595527574545:joke
1595527576547:save
1595527580549:show
1595528323204:joke
1595528326202:save
1595528328204:joke
1595528330204:save
1595528332207:show
1595529697801:help
1595529701802:joke
1595529704804:save
1595529707804:show
1595529737823:joke
1595530549675:save
1595530555678:help
1595530559680:save
1595530563681:show
1595530602726:joke
1595530611731:save
1595530741063:joke
1595530761072:jokes
1595530763074:joke
1595595495074:СЂСѓРґР·
1595595498052:help
1595595506056:joke
1595595509059:save
1595595513060:joke
1595595517063:save
1595595519064:show
1595595858900:РѕС‰Р»Сѓ
1595595861896:joke
1595596047632:show
1595596078292:joke
1595600165534:help
1595600172536:joke
1595600183541:save
1595600188544:show
1595600207556:joke
1595600212558:save
